c:\proyectos\proyecto_final_graficas\proyecto_final_graficas\x64\debug\vc141.pdb
c:\proyectos\proyecto_final_graficas\proyecto_final_graficas\x64\debug\vc141.idb
c:\proyectos\proyecto_final_graficas\proyecto_final_graficas\x64\debug\proyecto_final_graficas.obj
c:\proyectos\proyecto_final_graficas\proyecto_final_graficas\x64\debug\cwindow.obj
c:\proyectos\proyecto_final_graficas\proyecto_final_graficas\x64\debug\cviewport.obj
c:\proyectos\proyecto_final_graficas\proyecto_final_graficas\x64\debug\cvertexshader.obj
c:\proyectos\proyecto_final_graficas\proyecto_final_graficas\x64\debug\cvertexbuffer.obj
c:\proyectos\proyecto_final_graficas\proyecto_final_graficas\x64\debug\cswapchain.obj
c:\proyectos\proyecto_final_graficas\proyecto_final_graficas\x64\debug\cshader.obj
c:\proyectos\proyecto_final_graficas\proyecto_final_graficas\x64\debug\cpixelshader.obj
c:\proyectos\proyecto_final_graficas\proyecto_final_graficas\x64\debug\cmanager.obj
c:\proyectos\proyecto_final_graficas\proyecto_final_graficas\x64\debug\cinputlayout.obj
c:\proyectos\proyecto_final_graficas\proyecto_final_graficas\x64\debug\cindexbuffer.obj
c:\proyectos\proyecto_final_graficas\proyecto_final_graficas\x64\debug\cdevicecontext.obj
c:\proyectos\proyecto_final_graficas\proyecto_final_graficas\x64\debug\cdevice.obj
c:\proyectos\proyecto_final_graficas\proyecto_final_graficas\x64\debug\cconstantbuffer.obj
c:\proyectos\proyecto_final_graficas\proyecto_final_graficas\x64\debug\cbuffer.obj
c:\proyectos\proyecto_final_graficas\proyecto_final_graficas\x64\debug\capp_directx.obj
c:\proyectos\proyecto_final_graficas\proyecto_final_graficas\x64\debug\capp.obj
c:\proyectos\proyecto_final_graficas\proyecto_final_graficas\x64\debug\capp_opengl.obj
c:\proyectos\proyecto_final_graficas\proyecto_final_graficas\x64\debug\ctexture.obj
c:\proyectos\proyecto_final_graficas\proyecto_final_graficas\x64\debug\csampler.obj
c:\proyectos\proyecto_final_graficas\proyecto_final_graficas\x64\debug\cdepth.obj
c:\proyectos\proyecto_final_graficas\proyecto_final_graficas\x64\debug\crendertarget.obj
c:\proyectos\proyecto_final_graficas\proyecto_final_graficas\x64\debug\capp_gen.obj
c:\proyectos\proyecto_final_graficas\proyecto_final_graficas\x64\debug\proyecto_final_graficas.pch
c:\proyectos\proyecto_final_graficas\proyecto_final_graficas\x64\debug\pch.obj
c:\proyectos\proyecto_final_graficas\x64\debug\proyecto_final_graficas.pdb
c:\proyectos\proyecto_final_graficas\proyecto_final_graficas\x64\debug\proyecto.62ed4936.tlog\cl.command.1.tlog
c:\proyectos\proyecto_final_graficas\proyecto_final_graficas\x64\debug\proyecto.62ed4936.tlog\cl.read.1.tlog
c:\proyectos\proyecto_final_graficas\proyecto_final_graficas\x64\debug\proyecto.62ed4936.tlog\cl.write.1.tlog
c:\proyectos\proyecto_final_graficas\proyecto_final_graficas\x64\debug\proyecto.62ed4936.tlog\link-cvtres.read.1.tlog
c:\proyectos\proyecto_final_graficas\proyecto_final_graficas\x64\debug\proyecto.62ed4936.tlog\link-cvtres.write.1.tlog
c:\proyectos\proyecto_final_graficas\proyecto_final_graficas\x64\debug\proyecto.62ed4936.tlog\link-rc.read.1.tlog
c:\proyectos\proyecto_final_graficas\proyecto_final_graficas\x64\debug\proyecto.62ed4936.tlog\link-rc.write.1.tlog
c:\proyectos\proyecto_final_graficas\proyecto_final_graficas\x64\debug\proyecto.62ed4936.tlog\link.22344-cvtres.read.1.tlog
c:\proyectos\proyecto_final_graficas\proyecto_final_graficas\x64\debug\proyecto.62ed4936.tlog\link.22344-cvtres.write.1.tlog
c:\proyectos\proyecto_final_graficas\proyecto_final_graficas\x64\debug\proyecto.62ed4936.tlog\link.22344-rc.read.1.tlog
c:\proyectos\proyecto_final_graficas\proyecto_final_graficas\x64\debug\proyecto.62ed4936.tlog\link.22344-rc.write.1.tlog
c:\proyectos\proyecto_final_graficas\proyecto_final_graficas\x64\debug\proyecto.62ed4936.tlog\link.22344.read.1.tlog
c:\proyectos\proyecto_final_graficas\proyecto_final_graficas\x64\debug\proyecto.62ed4936.tlog\link.22344.write.1.tlog
c:\proyectos\proyecto_final_graficas\proyecto_final_graficas\x64\debug\proyecto.62ed4936.tlog\link.command.1.tlog
c:\proyectos\proyecto_final_graficas\proyecto_final_graficas\x64\debug\proyecto.62ed4936.tlog\link.read.1.tlog
c:\proyectos\proyecto_final_graficas\proyecto_final_graficas\x64\debug\proyecto.62ed4936.tlog\link.write.1.tlog
