c:\proyectos\proyecto_final_graficas\proyecto_final_graficas\debug\vc141.pdb
c:\proyectos\proyecto_final_graficas\proyecto_final_graficas\debug\vc141.idb
c:\proyectos\proyecto_final_graficas\proyecto_final_graficas\debug\proyecto_final_graficas.obj
c:\proyectos\proyecto_final_graficas\proyecto_final_graficas\debug\proyecto_final_graficas.pch
c:\proyectos\proyecto_final_graficas\proyecto_final_graficas\debug\pch.obj
c:\proyectos\proyecto_final_graficas\proyecto_final_graficas\debug\cwindow.obj
c:\proyectos\proyecto_final_graficas\proyecto_final_graficas\debug\cviewport.obj
c:\proyectos\proyecto_final_graficas\proyecto_final_graficas\debug\cvertexshader.obj
c:\proyectos\proyecto_final_graficas\proyecto_final_graficas\debug\cvertexbuffer.obj
c:\proyectos\proyecto_final_graficas\proyecto_final_graficas\debug\cswapchain.obj
c:\proyectos\proyecto_final_graficas\proyecto_final_graficas\debug\cshader.obj
c:\proyectos\proyecto_final_graficas\proyecto_final_graficas\debug\cpixelshader.obj
c:\proyectos\proyecto_final_graficas\proyecto_final_graficas\debug\cmanager.obj
c:\proyectos\proyecto_final_graficas\proyecto_final_graficas\debug\cinputlayout.obj
c:\proyectos\proyecto_final_graficas\proyecto_final_graficas\debug\cindexbuffer.obj
c:\proyectos\proyecto_final_graficas\proyecto_final_graficas\debug\cdevicecontext.obj
c:\proyectos\proyecto_final_graficas\proyecto_final_graficas\debug\cdevice.obj
c:\proyectos\proyecto_final_graficas\proyecto_final_graficas\debug\cconstantbuffer.obj
c:\proyectos\proyecto_final_graficas\proyecto_final_graficas\debug\cbuffer.obj
c:\proyectos\proyecto_final_graficas\debug\proyecto_final_graficas.exe
c:\proyectos\proyecto_final_graficas\debug\proyecto_final_graficas.ilk
c:\proyectos\proyecto_final_graficas\debug\proyecto_final_graficas.pdb
c:\proyectos\proyecto_final_graficas\proyecto_final_graficas\debug\proyecto.62ed4936.tlog\cl.command.1.tlog
c:\proyectos\proyecto_final_graficas\proyecto_final_graficas\debug\proyecto.62ed4936.tlog\cl.read.1.tlog
c:\proyectos\proyecto_final_graficas\proyecto_final_graficas\debug\proyecto.62ed4936.tlog\cl.write.1.tlog
c:\proyectos\proyecto_final_graficas\proyecto_final_graficas\debug\proyecto.62ed4936.tlog\link.command.1.tlog
c:\proyectos\proyecto_final_graficas\proyecto_final_graficas\debug\proyecto.62ed4936.tlog\link.read.1.tlog
c:\proyectos\proyecto_final_graficas\proyecto_final_graficas\debug\proyecto.62ed4936.tlog\link.write.1.tlog
